  EntityManager.cpp
  Entity.cpp
  Game.cpp
C:\Users\RITABAN\Desktop\CS Playground\SFML\Breakout Blitz\src\Game.cpp(152,20): warning C4244: 'initializing': conversion from 'int' to 'float', possible loss of data
C:\Users\RITABAN\Desktop\CS Playground\SFML\Breakout Blitz\src\Game.cpp(370,20): warning C4244: 'initializing': conversion from 'T' to 'float', possible loss of data
C:\Users\RITABAN\Desktop\CS Playground\SFML\Breakout Blitz\src\Game.cpp(370,20): warning C4244:         with
C:\Users\RITABAN\Desktop\CS Playground\SFML\Breakout Blitz\src\Game.cpp(370,20): warning C4244:         [
C:\Users\RITABAN\Desktop\CS Playground\SFML\Breakout Blitz\src\Game.cpp(370,20): warning C4244:             T=unsigned int
C:\Users\RITABAN\Desktop\CS Playground\SFML\Breakout Blitz\src\Game.cpp(370,20): warning C4244:         ]
C:\Program Files\Microsoft Visual Studio\2022\Community\VC\Tools\MSVC\14.38.33130\include\xutility(241,76): warning C4244: 'argument': conversion from 'int' to 'float', possible loss of data
  (compiling source file 'src/Game.cpp')
      C:\Program Files\Microsoft Visual Studio\2022\Community\VC\Tools\MSVC\14.38.33130\include\xutility(241,76):
      the template instantiation context (the oldest one first) is
          C:\Users\RITABAN\Desktop\CS Playground\SFML\Breakout Blitz\src\Game.cpp(103,24):
          see reference to function template instantiation 'std::shared_ptr<CShape> std::make_shared<CShape,int&,int&,sf::Color&,sf::Color&,int&>(int &,int &,sf::Color &,sf::Color &,int &)' being compiled
          C:\Program Files\Microsoft Visual Studio\2022\Community\VC\Tools\MSVC\14.38.33130\include\memory(2769,46):
          see reference to function template instantiation 'std::_Ref_count_obj2<CShape>::_Ref_count_obj2<int&,int&,sf::Color&,sf::Color&,int&>(int &,int &,sf::Color &,sf::Color &,int &)' being compiled
          C:\Program Files\Microsoft Visual Studio\2022\Community\VC\Tools\MSVC\14.38.33130\include\memory(2094,18):
          see reference to function template instantiation 'void std::_Construct_in_place<_Ty,int&,int&,sf::Color&,sf::Color&,int&>(_Ty &,int &,int &,sf::Color &,sf::Color &,int &) noexcept(false)' being compiled
          with
          [
              _Ty=CShape
          ]
          C:\Program Files\Microsoft Visual Studio\2022\Community\VC\Tools\MSVC\14.38.33130\include\xutility(251,14):
          see reference to function template instantiation '_Ty *std::construct_at<_Ty,int&,int&,sf::Color&,sf::Color&,int&,0x0>(_Ty *const ,int &,int &,sf::Color &,sf::Color &,int &) noexcept(<expr>)' being compiled
          with
          [
              _Ty=CShape
          ]
  
C:\Program Files\Microsoft Visual Studio\2022\Community\VC\Tools\MSVC\14.38.33130\include\xutility(255,82): warning C4244: 'argument': conversion from 'int' to 'float', possible loss of data
  (compiling source file 'src/Game.cpp')
  
C:\Program Files\Microsoft Visual Studio\2022\Community\VC\Tools\MSVC\14.38.33130\include\xutility(241,76): warning C4244: 'argument': conversion from '_Ty' to 'float', possible loss of data
C:\Program Files\Microsoft Visual Studio\2022\Community\VC\Tools\MSVC\14.38.33130\include\xutility(241,76): warning C4244:         with
C:\Program Files\Microsoft Visual Studio\2022\Community\VC\Tools\MSVC\14.38.33130\include\xutility(241,76): warning C4244:         [
C:\Program Files\Microsoft Visual Studio\2022\Community\VC\Tools\MSVC\14.38.33130\include\xutility(241,76): warning C4244:             _Ty=int
C:\Program Files\Microsoft Visual Studio\2022\Community\VC\Tools\MSVC\14.38.33130\include\xutility(241,76): warning C4244:         ]
  (compiling source file 'src/Game.cpp')
  
C:\Program Files\Microsoft Visual Studio\2022\Community\VC\Tools\MSVC\14.38.33130\include\xutility(255,82): warning C4244: 'argument': conversion from '_Ty' to 'float', possible loss of data
C:\Program Files\Microsoft Visual Studio\2022\Community\VC\Tools\MSVC\14.38.33130\include\xutility(255,82): warning C4244:         with
C:\Program Files\Microsoft Visual Studio\2022\Community\VC\Tools\MSVC\14.38.33130\include\xutility(255,82): warning C4244:         [
C:\Program Files\Microsoft Visual Studio\2022\Community\VC\Tools\MSVC\14.38.33130\include\xutility(255,82): warning C4244:             _Ty=int
C:\Program Files\Microsoft Visual Studio\2022\Community\VC\Tools\MSVC\14.38.33130\include\xutility(255,82): warning C4244:         ]
  (compiling source file 'src/Game.cpp')
  
C:\Program Files\Microsoft Visual Studio\2022\Community\VC\Tools\MSVC\14.38.33130\include\xutility(242,90): warning C4244: 'argument': conversion from 'int' to 'float', possible loss of data
  (compiling source file 'src/Game.cpp')
      C:\Program Files\Microsoft Visual Studio\2022\Community\VC\Tools\MSVC\14.38.33130\include\xutility(242,90):
      the template instantiation context (the oldest one first) is
          C:\Program Files\Microsoft Visual Studio\2022\Community\VC\Tools\MSVC\14.38.33130\include\memory(2094,18):
          see reference to function template instantiation 'void std::_Construct_in_place<_Ty,int&,int&,sf::Color&,sf::Color&,int&>(_Ty &,int &,int &,sf::Color &,sf::Color &,int &) noexcept(false)' being compiled
          with
          [
              _Ty=CShape
          ]
          C:\Program Files\Microsoft Visual Studio\2022\Community\VC\Tools\MSVC\14.38.33130\include\xutility(251,14):
          see reference to function template instantiation '_Ty *std::construct_at<_Ty,int&,int&,sf::Color&,sf::Color&,int&,0x0>(_Ty *const ,int &,int &,sf::Color &,sf::Color &,int &) noexcept(false)' being compiled
          with
          [
              _Ty=CShape
          ]
  
C:\Program Files\Microsoft Visual Studio\2022\Community\VC\Tools\MSVC\14.38.33130\include\xutility(242,90): warning C4244: 'argument': conversion from '_Ty' to 'float', possible loss of data
C:\Program Files\Microsoft Visual Studio\2022\Community\VC\Tools\MSVC\14.38.33130\include\xutility(242,90): warning C4244:         with
C:\Program Files\Microsoft Visual Studio\2022\Community\VC\Tools\MSVC\14.38.33130\include\xutility(242,90): warning C4244:         [
C:\Program Files\Microsoft Visual Studio\2022\Community\VC\Tools\MSVC\14.38.33130\include\xutility(242,90): warning C4244:             _Ty=int
C:\Program Files\Microsoft Visual Studio\2022\Community\VC\Tools\MSVC\14.38.33130\include\xutility(242,90): warning C4244:         ]
  (compiling source file 'src/Game.cpp')
  
  Main.cpp
  Generating Code...
  Breakout Blitz.vcxproj -> C:\Users\RITABAN\Desktop\CS Playground\SFML\Breakout Blitz\x64\Debug\Breakout Blitz.exe
